<?xml version="1.0" encoding="UTF-8"?>
<!-- Generated by org.testng.reporters.JUnitXMLReporter -->
<testsuite hostname="Naresh-PC" ignored="0" name="Default test" tests="6" failures="0" timestamp="2019-11-08T10:38:29 IST" time="10.087" errors="0">
  <testcase name="checkContentType" time="0.023" classname="com.employesApi.testCases.TC005_Delete_Employee_Record"/>
  <testcase name="checkResposeBody" time="0.011" classname="com.employesApi.testCases.TC005_Delete_Employee_Record"/>
  <testcase name="checkStatusCode" time="0.008" classname="com.employesApi.testCases.TC005_Delete_Employee_Record"/>
  <testcase name="checkcontentEncoding" time="0.009" classname="com.employesApi.testCases.TC005_Delete_Employee_Record"/>
  <testcase name="checkserverType" time="0.008" classname="com.employesApi.testCases.TC005_Delete_Employee_Record"/>
  <testcase name="checkstatusLine" time="0.012" classname="com.employesApi.testCases.TC005_Delete_Employee_Record"/>
</testsuite> <!-- Default test -->
