<?xml version="1.0" encoding="UTF-8"?>
<!-- Generated by org.testng.reporters.JUnitXMLReporter -->
<testsuite hostname="Naresh-PC" ignored="0" name="EmployeesRestAPITest" tests="34" failures="0" timestamp="2019-11-08T11:09:14 IST" time="35.571" errors="0">
  <testcase name="checkContentLenght" time="0.025" classname="com.employesApi.testCases.TC001_Get_AllEmployees"/>
  <testcase name="checkCookies" time="0.009" classname="com.employesApi.testCases.TC001_Get_AllEmployees"/>
  <testcase name="checkResponseBody" time="0.202" classname="com.employesApi.testCases.TC001_Get_AllEmployees"/>
  <testcase name="checkResponseTime" time="0.004" classname="com.employesApi.testCases.TC001_Get_AllEmployees"/>
  <testcase name="checkStatusCode" time="0.005" classname="com.employesApi.testCases.TC001_Get_AllEmployees"/>
  <testcase name="checkStatusLine" time="0.004" classname="com.employesApi.testCases.TC001_Get_AllEmployees"/>
  <testcase name="checkcontentEncoding" time="0.004" classname="com.employesApi.testCases.TC001_Get_AllEmployees"/>
  <testcase name="checkserverType" time="0.093" classname="com.employesApi.testCases.TC001_Get_AllEmployees"/>
  <testcase name="contentType" time="0.002" classname="com.employesApi.testCases.TC001_Get_AllEmployees"/>
  <testcase name="checkContentLenght" time="0.004" classname="com.employesApi.testCases.TC002_Get_Single_Employee_Record"/>
  <testcase name="checkContentType" time="0.008" classname="com.employesApi.testCases.TC002_Get_Single_Employee_Record"/>
  <testcase name="checkResponseTime" time="0.004" classname="com.employesApi.testCases.TC002_Get_Single_Employee_Record"/>
  <testcase name="checkResposeBody" time="0.003" classname="com.employesApi.testCases.TC002_Get_Single_Employee_Record"/>
  <testcase name="checkStatusCode" time="0.003" classname="com.employesApi.testCases.TC002_Get_Single_Employee_Record"/>
  <testcase name="checkserverType" time="0.003" classname="com.employesApi.testCases.TC002_Get_Single_Employee_Record"/>
  <testcase name="checkstatusLine" time="0.002" classname="com.employesApi.testCases.TC002_Get_Single_Employee_Record"/>
  <testcase name="checkContentType" time="0.003" classname="com.employesApi.testCases.TC003_Post_Employee_Record"/>
  <testcase name="checkStatusCode" time="0.003" classname="com.employesApi.testCases.TC003_Post_Employee_Record"/>
  <testcase name="checkcontentEncoding" time="0.003" classname="com.employesApi.testCases.TC003_Post_Employee_Record"/>
  <testcase name="checkresponseBody" time="0.003" classname="com.employesApi.testCases.TC003_Post_Employee_Record"/>
  <testcase name="checkserverType" time="0.002" classname="com.employesApi.testCases.TC003_Post_Employee_Record"/>
  <testcase name="checkstatusLine" time="0.002" classname="com.employesApi.testCases.TC003_Post_Employee_Record"/>
  <testcase name="checkContentType" time="0.006" classname="com.employesApi.testCases.TC004_Put_Employee_Record"/>
  <testcase name="checkResposeBody" time="0.002" classname="com.employesApi.testCases.TC004_Put_Employee_Record"/>
  <testcase name="checkStatusCode" time="0.002" classname="com.employesApi.testCases.TC004_Put_Employee_Record"/>
  <testcase name="checkcontentEncoding" time="0.002" classname="com.employesApi.testCases.TC004_Put_Employee_Record"/>
  <testcase name="checkserverType" time="0.001" classname="com.employesApi.testCases.TC004_Put_Employee_Record"/>
  <testcase name="checkstatusLine" time="0.003" classname="com.employesApi.testCases.TC004_Put_Employee_Record"/>
  <testcase name="checkContentType" time="0.002" classname="com.employesApi.testCases.TC005_Delete_Employee_Record"/>
  <testcase name="checkResposeBody" time="0.002" classname="com.employesApi.testCases.TC005_Delete_Employee_Record"/>
  <testcase name="checkStatusCode" time="0.001" classname="com.employesApi.testCases.TC005_Delete_Employee_Record"/>
  <testcase name="checkcontentEncoding" time="0.004" classname="com.employesApi.testCases.TC005_Delete_Employee_Record"/>
  <testcase name="checkserverType" time="0.001" classname="com.employesApi.testCases.TC005_Delete_Employee_Record"/>
  <testcase name="checkstatusLine" time="0.003" classname="com.employesApi.testCases.TC005_Delete_Employee_Record"/>
</testsuite> <!-- EmployeesRestAPITest -->
