<?xml version="1.0" encoding="UTF-8"?>
<testng-results skipped="0" failed="0" ignored="0" total="34" passed="34">
  <reporter-output>
  </reporter-output>
  <suite name="EmployeesRestAPISuite" duration-ms="35571" started-at="2019-11-08T11:08:38 IST" finished-at="2019-11-08T11:09:14 IST">
    <groups>
    </groups>
    <test name="EmployeesRestAPITest" duration-ms="35571" started-at="2019-11-08T11:08:38 IST" finished-at="2019-11-08T11:09:14 IST">
      <class name="com.employesApi.testCases.TC002_Get_Single_Employee_Record">
        <test-method status="PASS" signature="setUp()[pri:0, instance:com.employesApi.testCases.TC002_Get_Single_Employee_Record@394e1a0f]" name="setUp" is-config="true" duration-ms="3" started-at="2019-11-08T11:08:48 IST" finished-at="2019-11-08T11:08:48 IST">
          <reporter-output>
          </reporter-output>
        </test-method> <!-- setUp -->
        <test-method status="PASS" signature="getEmpData()[pri:0, instance:com.employesApi.testCases.TC002_Get_Single_Employee_Record@394e1a0f]" name="getEmpData" is-config="true" duration-ms="6720" started-at="2019-11-08T11:08:48 IST" finished-at="2019-11-08T11:08:55 IST">
          <reporter-output>
          </reporter-output>
        </test-method> <!-- getEmpData -->
        <test-method status="PASS" signature="checkContentLenght()[pri:0, instance:com.employesApi.testCases.TC002_Get_Single_Employee_Record@394e1a0f]" name="checkContentLenght" duration-ms="4" started-at="2019-11-08T11:08:55 IST" finished-at="2019-11-08T11:08:55 IST">
          <reporter-output>
          </reporter-output>
        </test-method> <!-- checkContentLenght -->
        <test-method status="PASS" signature="checkContentType()[pri:0, instance:com.employesApi.testCases.TC002_Get_Single_Employee_Record@394e1a0f]" name="checkContentType" duration-ms="8" started-at="2019-11-08T11:08:55 IST" finished-at="2019-11-08T11:08:55 IST">
          <reporter-output>
          </reporter-output>
        </test-method> <!-- checkContentType -->
        <test-method status="PASS" signature="checkResponseTime()[pri:0, instance:com.employesApi.testCases.TC002_Get_Single_Employee_Record@394e1a0f]" name="checkResponseTime" duration-ms="4" started-at="2019-11-08T11:08:55 IST" finished-at="2019-11-08T11:08:55 IST">
          <reporter-output>
          </reporter-output>
        </test-method> <!-- checkResponseTime -->
        <test-method status="PASS" signature="checkResposeBody()[pri:0, instance:com.employesApi.testCases.TC002_Get_Single_Employee_Record@394e1a0f]" name="checkResposeBody" duration-ms="3" started-at="2019-11-08T11:08:55 IST" finished-at="2019-11-08T11:08:55 IST">
          <reporter-output>
          </reporter-output>
        </test-method> <!-- checkResposeBody -->
        <test-method status="PASS" signature="checkStatusCode()[pri:0, instance:com.employesApi.testCases.TC002_Get_Single_Employee_Record@394e1a0f]" name="checkStatusCode" duration-ms="3" started-at="2019-11-08T11:08:55 IST" finished-at="2019-11-08T11:08:55 IST">
          <reporter-output>
          </reporter-output>
        </test-method> <!-- checkStatusCode -->
        <test-method status="PASS" signature="checkserverType()[pri:0, instance:com.employesApi.testCases.TC002_Get_Single_Employee_Record@394e1a0f]" name="checkserverType" duration-ms="3" started-at="2019-11-08T11:08:55 IST" finished-at="2019-11-08T11:08:55 IST">
          <reporter-output>
          </reporter-output>
        </test-method> <!-- checkserverType -->
        <test-method status="PASS" signature="checkstatusLine()[pri:0, instance:com.employesApi.testCases.TC002_Get_Single_Employee_Record@394e1a0f]" name="checkstatusLine" duration-ms="2" started-at="2019-11-08T11:08:55 IST" finished-at="2019-11-08T11:08:55 IST">
          <reporter-output>
          </reporter-output>
        </test-method> <!-- checkstatusLine -->
        <test-method status="PASS" signature="tearDown()[pri:0, instance:com.employesApi.testCases.TC002_Get_Single_Employee_Record@394e1a0f]" name="tearDown" is-config="true" duration-ms="1" started-at="2019-11-08T11:08:55 IST" finished-at="2019-11-08T11:08:55 IST">
          <reporter-output>
          </reporter-output>
        </test-method> <!-- tearDown -->
      </class> <!-- com.employesApi.testCases.TC002_Get_Single_Employee_Record -->
      <class name="com.employesApi.testCases.TC005_Delete_Employee_Record">
        <test-method status="PASS" signature="setUp()[pri:0, instance:com.employesApi.testCases.TC005_Delete_Employee_Record@5f282abb]" name="setUp" is-config="true" duration-ms="26" started-at="2019-11-08T11:09:08 IST" finished-at="2019-11-08T11:09:08 IST">
          <reporter-output>
          </reporter-output>
        </test-method> <!-- setUp -->
        <test-method status="PASS" signature="deleteEmployee()[pri:0, instance:com.employesApi.testCases.TC005_Delete_Employee_Record@5f282abb]" name="deleteEmployee" is-config="true" duration-ms="5956" started-at="2019-11-08T11:09:08 IST" finished-at="2019-11-08T11:09:14 IST">
          <reporter-output>
          </reporter-output>
        </test-method> <!-- deleteEmployee -->
        <test-method status="PASS" signature="checkContentType()[pri:0, instance:com.employesApi.testCases.TC005_Delete_Employee_Record@5f282abb]" name="checkContentType" duration-ms="2" started-at="2019-11-08T11:09:14 IST" finished-at="2019-11-08T11:09:14 IST">
          <reporter-output>
          </reporter-output>
        </test-method> <!-- checkContentType -->
        <test-method status="PASS" signature="checkResposeBody()[pri:0, instance:com.employesApi.testCases.TC005_Delete_Employee_Record@5f282abb]" name="checkResposeBody" duration-ms="2" started-at="2019-11-08T11:09:14 IST" finished-at="2019-11-08T11:09:14 IST">
          <reporter-output>
          </reporter-output>
        </test-method> <!-- checkResposeBody -->
        <test-method status="PASS" signature="checkStatusCode()[pri:0, instance:com.employesApi.testCases.TC005_Delete_Employee_Record@5f282abb]" name="checkStatusCode" duration-ms="1" started-at="2019-11-08T11:09:14 IST" finished-at="2019-11-08T11:09:14 IST">
          <reporter-output>
          </reporter-output>
        </test-method> <!-- checkStatusCode -->
        <test-method status="PASS" signature="checkcontentEncoding()[pri:0, instance:com.employesApi.testCases.TC005_Delete_Employee_Record@5f282abb]" name="checkcontentEncoding" duration-ms="4" started-at="2019-11-08T11:09:14 IST" finished-at="2019-11-08T11:09:14 IST">
          <reporter-output>
          </reporter-output>
        </test-method> <!-- checkcontentEncoding -->
        <test-method status="PASS" signature="checkserverType()[pri:0, instance:com.employesApi.testCases.TC005_Delete_Employee_Record@5f282abb]" name="checkserverType" duration-ms="1" started-at="2019-11-08T11:09:14 IST" finished-at="2019-11-08T11:09:14 IST">
          <reporter-output>
          </reporter-output>
        </test-method> <!-- checkserverType -->
        <test-method status="PASS" signature="checkstatusLine()[pri:0, instance:com.employesApi.testCases.TC005_Delete_Employee_Record@5f282abb]" name="checkstatusLine" duration-ms="3" started-at="2019-11-08T11:09:14 IST" finished-at="2019-11-08T11:09:14 IST">
          <reporter-output>
          </reporter-output>
        </test-method> <!-- checkstatusLine -->
        <test-method status="PASS" signature="tearDown()[pri:0, instance:com.employesApi.testCases.TC005_Delete_Employee_Record@5f282abb]" name="tearDown" is-config="true" duration-ms="3" started-at="2019-11-08T11:09:14 IST" finished-at="2019-11-08T11:09:14 IST">
          <reporter-output>
          </reporter-output>
        </test-method> <!-- tearDown -->
      </class> <!-- com.employesApi.testCases.TC005_Delete_Employee_Record -->
      <class name="com.employesApi.testCases.TC001_Get_AllEmployees">
        <test-method status="PASS" signature="setUp()[pri:0, instance:com.employesApi.testCases.TC001_Get_AllEmployees@396f6598]" name="setUp" is-config="true" duration-ms="168" started-at="2019-11-08T11:08:38 IST" finished-at="2019-11-08T11:08:38 IST">
          <reporter-output>
          </reporter-output>
        </test-method> <!-- setUp -->
        <test-method status="PASS" signature="getAllEmployees()[pri:0, instance:com.employesApi.testCases.TC001_Get_AllEmployees@396f6598]" name="getAllEmployees" is-config="true" duration-ms="9337" started-at="2019-11-08T11:08:38 IST" finished-at="2019-11-08T11:08:48 IST">
          <reporter-output>
          </reporter-output>
        </test-method> <!-- getAllEmployees -->
        <test-method status="PASS" signature="checkContentLenght()[pri:0, instance:com.employesApi.testCases.TC001_Get_AllEmployees@396f6598]" name="checkContentLenght" duration-ms="25" started-at="2019-11-08T11:08:48 IST" finished-at="2019-11-08T11:08:48 IST">
          <reporter-output>
          </reporter-output>
        </test-method> <!-- checkContentLenght -->
        <test-method status="PASS" signature="checkCookies()[pri:0, instance:com.employesApi.testCases.TC001_Get_AllEmployees@396f6598]" name="checkCookies" duration-ms="9" started-at="2019-11-08T11:08:48 IST" finished-at="2019-11-08T11:08:48 IST">
          <reporter-output>
          </reporter-output>
        </test-method> <!-- checkCookies -->
        <test-method status="PASS" signature="checkResponseBody()[pri:0, instance:com.employesApi.testCases.TC001_Get_AllEmployees@396f6598]" name="checkResponseBody" duration-ms="202" started-at="2019-11-08T11:08:48 IST" finished-at="2019-11-08T11:08:48 IST">
          <reporter-output>
          </reporter-output>
        </test-method> <!-- checkResponseBody -->
        <test-method status="PASS" signature="checkResponseTime()[pri:0, instance:com.employesApi.testCases.TC001_Get_AllEmployees@396f6598]" name="checkResponseTime" duration-ms="4" started-at="2019-11-08T11:08:48 IST" finished-at="2019-11-08T11:08:48 IST">
          <reporter-output>
          </reporter-output>
        </test-method> <!-- checkResponseTime -->
        <test-method status="PASS" signature="checkStatusCode()[pri:0, instance:com.employesApi.testCases.TC001_Get_AllEmployees@396f6598]" name="checkStatusCode" duration-ms="5" started-at="2019-11-08T11:08:48 IST" finished-at="2019-11-08T11:08:48 IST">
          <reporter-output>
          </reporter-output>
        </test-method> <!-- checkStatusCode -->
        <test-method status="PASS" signature="checkStatusLine()[pri:0, instance:com.employesApi.testCases.TC001_Get_AllEmployees@396f6598]" name="checkStatusLine" duration-ms="4" started-at="2019-11-08T11:08:48 IST" finished-at="2019-11-08T11:08:48 IST">
          <reporter-output>
          </reporter-output>
        </test-method> <!-- checkStatusLine -->
        <test-method status="PASS" signature="checkcontentEncoding()[pri:0, instance:com.employesApi.testCases.TC001_Get_AllEmployees@396f6598]" name="checkcontentEncoding" duration-ms="4" started-at="2019-11-08T11:08:48 IST" finished-at="2019-11-08T11:08:48 IST">
          <reporter-output>
          </reporter-output>
        </test-method> <!-- checkcontentEncoding -->
        <test-method status="PASS" signature="checkserverType()[pri:0, instance:com.employesApi.testCases.TC001_Get_AllEmployees@396f6598]" name="checkserverType" duration-ms="93" started-at="2019-11-08T11:08:48 IST" finished-at="2019-11-08T11:08:48 IST">
          <reporter-output>
          </reporter-output>
        </test-method> <!-- checkserverType -->
        <test-method status="PASS" signature="contentType()[pri:0, instance:com.employesApi.testCases.TC001_Get_AllEmployees@396f6598]" name="contentType" duration-ms="2" started-at="2019-11-08T11:08:48 IST" finished-at="2019-11-08T11:08:48 IST">
          <reporter-output>
          </reporter-output>
        </test-method> <!-- contentType -->
        <test-method status="PASS" signature="tearDown()[pri:0, instance:com.employesApi.testCases.TC001_Get_AllEmployees@396f6598]" name="tearDown" is-config="true" duration-ms="2" started-at="2019-11-08T11:08:48 IST" finished-at="2019-11-08T11:08:48 IST">
          <reporter-output>
          </reporter-output>
        </test-method> <!-- tearDown -->
      </class> <!-- com.employesApi.testCases.TC001_Get_AllEmployees -->
      <class name="com.employesApi.testCases.TC003_Post_Employee_Record">
        <test-method status="PASS" signature="setUp()[pri:0, instance:com.employesApi.testCases.TC003_Post_Employee_Record@27a5f880]" name="setUp" is-config="true" duration-ms="4" started-at="2019-11-08T11:08:55 IST" finished-at="2019-11-08T11:08:55 IST">
          <reporter-output>
          </reporter-output>
        </test-method> <!-- setUp -->
        <test-method status="PASS" signature="createEmployee()[pri:0, instance:com.employesApi.testCases.TC003_Post_Employee_Record@27a5f880]" name="createEmployee" is-config="true" duration-ms="5871" started-at="2019-11-08T11:08:55 IST" finished-at="2019-11-08T11:09:01 IST">
          <reporter-output>
          </reporter-output>
        </test-method> <!-- createEmployee -->
        <test-method status="PASS" signature="checkContentType()[pri:0, instance:com.employesApi.testCases.TC003_Post_Employee_Record@27a5f880]" name="checkContentType" duration-ms="3" started-at="2019-11-08T11:09:01 IST" finished-at="2019-11-08T11:09:01 IST">
          <reporter-output>
          </reporter-output>
        </test-method> <!-- checkContentType -->
        <test-method status="PASS" signature="checkStatusCode()[pri:0, instance:com.employesApi.testCases.TC003_Post_Employee_Record@27a5f880]" name="checkStatusCode" duration-ms="3" started-at="2019-11-08T11:09:01 IST" finished-at="2019-11-08T11:09:01 IST">
          <reporter-output>
          </reporter-output>
        </test-method> <!-- checkStatusCode -->
        <test-method status="PASS" signature="checkcontentEncoding()[pri:0, instance:com.employesApi.testCases.TC003_Post_Employee_Record@27a5f880]" name="checkcontentEncoding" duration-ms="3" started-at="2019-11-08T11:09:01 IST" finished-at="2019-11-08T11:09:01 IST">
          <reporter-output>
          </reporter-output>
        </test-method> <!-- checkcontentEncoding -->
        <test-method status="PASS" signature="checkresponseBody()[pri:0, instance:com.employesApi.testCases.TC003_Post_Employee_Record@27a5f880]" name="checkresponseBody" duration-ms="3" started-at="2019-11-08T11:09:01 IST" finished-at="2019-11-08T11:09:01 IST">
          <reporter-output>
          </reporter-output>
        </test-method> <!-- checkresponseBody -->
        <test-method status="PASS" signature="checkserverType()[pri:0, instance:com.employesApi.testCases.TC003_Post_Employee_Record@27a5f880]" name="checkserverType" duration-ms="2" started-at="2019-11-08T11:09:01 IST" finished-at="2019-11-08T11:09:01 IST">
          <reporter-output>
          </reporter-output>
        </test-method> <!-- checkserverType -->
        <test-method status="PASS" signature="checkstatusLine()[pri:0, instance:com.employesApi.testCases.TC003_Post_Employee_Record@27a5f880]" name="checkstatusLine" duration-ms="2" started-at="2019-11-08T11:09:01 IST" finished-at="2019-11-08T11:09:01 IST">
          <reporter-output>
          </reporter-output>
        </test-method> <!-- checkstatusLine -->
        <test-method status="PASS" signature="tearDown()[pri:0, instance:com.employesApi.testCases.TC003_Post_Employee_Record@27a5f880]" name="tearDown" is-config="true" duration-ms="1" started-at="2019-11-08T11:09:01 IST" finished-at="2019-11-08T11:09:01 IST">
          <reporter-output>
          </reporter-output>
        </test-method> <!-- tearDown -->
      </class> <!-- com.employesApi.testCases.TC003_Post_Employee_Record -->
      <class name="com.employesApi.testCases.TC004_Put_Employee_Record">
        <test-method status="PASS" signature="setUp()[pri:0, instance:com.employesApi.testCases.TC004_Put_Employee_Record@1d29cf23]" name="setUp" is-config="true" duration-ms="10" started-at="2019-11-08T11:09:01 IST" finished-at="2019-11-08T11:09:01 IST">
          <reporter-output>
          </reporter-output>
        </test-method> <!-- setUp -->
        <test-method status="PASS" signature="updateEmployee()[pri:0, instance:com.employesApi.testCases.TC004_Put_Employee_Record@1d29cf23]" name="updateEmployee" is-config="true" duration-ms="6802" started-at="2019-11-08T11:09:01 IST" finished-at="2019-11-08T11:09:08 IST">
          <reporter-output>
          </reporter-output>
        </test-method> <!-- updateEmployee -->
        <test-method status="PASS" signature="checkContentType()[pri:0, instance:com.employesApi.testCases.TC004_Put_Employee_Record@1d29cf23]" name="checkContentType" duration-ms="6" started-at="2019-11-08T11:09:08 IST" finished-at="2019-11-08T11:09:08 IST">
          <reporter-output>
          </reporter-output>
        </test-method> <!-- checkContentType -->
        <test-method status="PASS" signature="checkResposeBody()[pri:0, instance:com.employesApi.testCases.TC004_Put_Employee_Record@1d29cf23]" name="checkResposeBody" duration-ms="2" started-at="2019-11-08T11:09:08 IST" finished-at="2019-11-08T11:09:08 IST">
          <reporter-output>
          </reporter-output>
        </test-method> <!-- checkResposeBody -->
        <test-method status="PASS" signature="checkStatusCode()[pri:0, instance:com.employesApi.testCases.TC004_Put_Employee_Record@1d29cf23]" name="checkStatusCode" duration-ms="2" started-at="2019-11-08T11:09:08 IST" finished-at="2019-11-08T11:09:08 IST">
          <reporter-output>
          </reporter-output>
        </test-method> <!-- checkStatusCode -->
        <test-method status="PASS" signature="checkcontentEncoding()[pri:0, instance:com.employesApi.testCases.TC004_Put_Employee_Record@1d29cf23]" name="checkcontentEncoding" duration-ms="2" started-at="2019-11-08T11:09:08 IST" finished-at="2019-11-08T11:09:08 IST">
          <reporter-output>
          </reporter-output>
        </test-method> <!-- checkcontentEncoding -->
        <test-method status="PASS" signature="checkserverType()[pri:0, instance:com.employesApi.testCases.TC004_Put_Employee_Record@1d29cf23]" name="checkserverType" duration-ms="1" started-at="2019-11-08T11:09:08 IST" finished-at="2019-11-08T11:09:08 IST">
          <reporter-output>
          </reporter-output>
        </test-method> <!-- checkserverType -->
        <test-method status="PASS" signature="checkstatusLine()[pri:0, instance:com.employesApi.testCases.TC004_Put_Employee_Record@1d29cf23]" name="checkstatusLine" duration-ms="3" started-at="2019-11-08T11:09:08 IST" finished-at="2019-11-08T11:09:08 IST">
          <reporter-output>
          </reporter-output>
        </test-method> <!-- checkstatusLine -->
        <test-method status="PASS" signature="tearDown()[pri:0, instance:com.employesApi.testCases.TC004_Put_Employee_Record@1d29cf23]" name="tearDown" is-config="true" duration-ms="2" started-at="2019-11-08T11:09:08 IST" finished-at="2019-11-08T11:09:08 IST">
          <reporter-output>
          </reporter-output>
        </test-method> <!-- tearDown -->
      </class> <!-- com.employesApi.testCases.TC004_Put_Employee_Record -->
    </test> <!-- EmployeesRestAPITest -->
  </suite> <!-- EmployeesRestAPISuite -->
</testng-results>
